<?xml version="1.0" encoding="utf-8"?><testsuite errors="0" failures="0" name="pytest" skips="0" tests="6" time="16.430"><testcase classname="tests.test_amplitude" file="tests\test_amplitude.py" line="0" name="test_amp_002" time="3.665508985519409"></testcase><testcase classname="tests.test_amplitude" file="tests\test_amplitude.py" line="6" name="test_amp_020" time="2.534313678741455"></testcase><testcase classname="tests.test_amplitude" file="tests\test_amplitude.py" line="12" name="test_amp_200" time="2.532794237136841"></testcase><testcase classname="tests.test_frequency" file="tests\test_frequency.py" line="0" name="test_freq_01" time="2.53074049949646"></testcase><testcase classname="tests.test_frequency" file="tests\test_frequency.py" line="7" name="test_freq_10" time="2.535435199737549"></testcase><testcase classname="tests.test_frequency" file="tests\test_frequency.py" line="14" name="test_freq_100" time="2.5353407859802246"></testcase></testsuite>